<?xml version="1.0" encoding="UTF-8"?>
<!-- Generated by org.testng.reporters.JUnitReportReporter -->
<testsuite hostname="LAPTOP-7TGE8V16" failures="0" tests="1" name="Product.CreateProductTest" time="20.467" errors="0" timestamp="2025-07-09T08:25:44 IST" skipped="0">
  <testcase classname="Product.CreateProductTest" name="createProductTest" time="20.467"/>
</testsuite> <!-- Product.CreateProductTest -->
