<?xml version="1.0" encoding="UTF-8"?>
<!-- Generated by org.testng.reporters.JUnitReportReporter -->
<testsuite hostname="LAPTOP-7TGE8V16" failures="0" tests="1" name="Contact.CreateContactTest" time="40.635" errors="0" timestamp="2025-07-08T08:05:39 IST" skipped="0">
  <testcase classname="Contact.CreateContactTest" name="createContactTest" time="40.635"/>
</testsuite> <!-- Contact.CreateContactTest -->
