<?xml version="1.0" encoding="UTF-8"?>
<!-- Generated by org.testng.reporters.JUnitReportReporter -->
<testsuite hostname="LAPTOP-7TGE8V16" failures="0" tests="1" name="Contact.CreateContactWithOrganizationTest" time="81.480" errors="0" timestamp="2025-07-08T08:06:05 IST" skipped="0">
  <testcase classname="Contact.CreateContactWithOrganizationTest" name="createContactWithOrganizationTest" time="81.480"/>
</testsuite> <!-- Contact.CreateContactWithOrganizationTest -->
