<?xml version="1.0" encoding="UTF-8"?>
<!-- Generated by org.testng.reporters.JUnitReportReporter -->
<testsuite hostname="LAPTOP-7TGE8V16" failures="0" tests="5" name="TestNg_Practice.SampleTest" time="0.017" errors="0" timestamp="2025-06-27T08:52:55 IST" skipped="0">
  <testcase classname="TestNg_Practice.SampleTest" name="createProduct" time="0.001"/>
  <testcase classname="TestNg_Practice.SampleTest" name="deleteProduct" time="0.001"/>
  <testcase classname="TestNg_Practice.SampleTest" name="createProduct" time="0.003"/>
  <testcase classname="TestNg_Practice.SampleTest" name="createProduct" time="0.010"/>
  <testcase classname="TestNg_Practice.SampleTest" name="modifyProduct" time="0.002"/>
</testsuite> <!-- TestNg_Practice.SampleTest -->
