<?xml version="1.0" encoding="UTF-8"?>
<!-- Generated by org.testng.reporters.JUnitReportReporter -->
<testsuite hostname="LAPTOP-7TGE8V16" failures="0" tests="1" name="Campaign.CreateCampaignTest" time="42.858" errors="0" timestamp="2025-07-10T08:58:39 IST" skipped="0">
  <testcase classname="Campaign.CreateCampaignTest" name="createCampaignTest" time="42.858"/>
</testsuite> <!-- Campaign.CreateCampaignTest -->
