<?xml version="1.0" encoding="UTF-8"?>
<!-- Generated by org.testng.reporters.JUnitReportReporter -->
<testsuite hostname="LAPTOP-7TGE8V16" failures="0" tests="1" name="Product.CreateProductAndDeleteTest" time="17.280" errors="0" timestamp="2025-07-08T08:07:29 IST" skipped="0">
  <testcase classname="Product.CreateProductAndDeleteTest" name="createProductTest" time="17.280"/>
</testsuite> <!-- Product.CreateProductAndDeleteTest -->
